14:13:20.282 [Worker-5] INFO  o.a.AndroidAnnotationProcessor:84 - Initialize AndroidAnnotations 3.1 with options {phase=BUILD}
14:13:21.218 [Worker-5] INFO  o.a.AndroidAnnotationProcessor:108 - Start processing for 5 annotations on 16 elements
14:13:21.236 [Worker-5] DEBUG o.a.h.AndroidManifestFinder:137 - AndroidManifest.xml file found in parent folder /home/lisu/Szablony/engineeringThesisProject: /home/lisu/Szablony/engineeringThesisProject/AndroidManifest.xml
14:13:21.239 [Worker-5] INFO  o.a.AndroidAnnotationProcessor:171 - AndroidManifest.xml found: AndroidManifest [applicationPackage=engineering_thesis_project.android.ui.activities, componentQualifiedNames=[engineering_thesis_project.android.ui.activities.MainActivity_, engineering_thesis_project.android.ui.activities.StartActivity_], permissionQualifiedNames=[android.permission.ACCESS_NETWORK_STATE, android.permission.INTERNET, android.permission.ACCESS_WIFI_STATE, android.permission.BLUETOOTH_ADMIN, android.permission.BLUETOOTH, android.permission.BLUETOOTH_PRIVILEGED], applicationClassName=null, libraryProject=false, debugabble=false, minSdkVersion=16, maxSdkVersion=-1, targetSdkVersion=21]
14:13:21.239 [Worker-5] INFO  o.a.r.ProjectRClassFinder:50 - Found project R class: engineering_thesis_project.android.ui.activities.R
14:13:21.242 [Worker-5] INFO  o.a.r.AndroidRClassFinder:44 - Found Android class: android.R
14:13:21.255 [Worker-5] INFO  o.a.p.ModelValidator:42 - Validating elements
14:13:21.256 [Worker-5] DEBUG o.a.p.ModelValidator:62 - Validating with EActivityHandler: [engineering_thesis_project.android.ui.activities.StartActivity, engineering_thesis_project.android.ui.activities.MainActivity]
14:13:21.258 [Worker-5] DEBUG o.a.p.ModelValidator:62 - Validating with EFragmentHandler: [engineering_thesis_project.android.ui.fragments.TouchpadFragment, engineering_thesis_project.android.ui.fragments.StreamFragment, engineering_thesis_project.android.ui.fragments.BluetoothSetupFragment, engineering_thesis_project.android.ui.fragments.KeyboardFragment, engineering_thesis_project.android.ui.fragments.WiFiSetupFragment]
14:13:21.259 [Worker-5] ERROR o.a.h.AnnotationHelper:127 - @org.androidannotations.annotations.EFragment can only be used on an element that extends one of the following classes: [android.app.Fragment, android.support.v4.app.Fragment]
14:13:21.260 [Worker-5] WARN  o.a.p.ModelValidator:69 - Element EFragmentHandler unvalidated by 
14:13:21.260 [Worker-5] ERROR o.a.h.AnnotationHelper:127 - @org.androidannotations.annotations.EFragment can only be used on an element that extends one of the following classes: [android.app.Fragment, android.support.v4.app.Fragment]
14:13:21.260 [Worker-5] WARN  o.a.p.ModelValidator:69 - Element EFragmentHandler unvalidated by 
14:13:21.260 [Worker-5] ERROR o.a.h.AnnotationHelper:127 - @org.androidannotations.annotations.EFragment can only be used on an element that extends one of the following classes: [android.app.Fragment, android.support.v4.app.Fragment]
14:13:21.260 [Worker-5] WARN  o.a.p.ModelValidator:69 - Element EFragmentHandler unvalidated by 
14:13:21.261 [Worker-5] ERROR o.a.h.AnnotationHelper:127 - @org.androidannotations.annotations.EFragment can only be used on an element that extends one of the following classes: [android.app.Fragment, android.support.v4.app.Fragment]
14:13:21.261 [Worker-5] WARN  o.a.p.ModelValidator:69 - Element EFragmentHandler unvalidated by 
14:13:21.261 [Worker-5] ERROR o.a.h.AnnotationHelper:127 - @org.androidannotations.annotations.EFragment can only be used on an element that extends one of the following classes: [android.app.Fragment, android.support.v4.app.Fragment]
14:13:21.261 [Worker-5] WARN  o.a.p.ModelValidator:69 - Element EFragmentHandler unvalidated by 
14:13:21.261 [Worker-5] DEBUG o.a.p.ModelValidator:62 - Validating with ViewByIdHandler: [altRight, rightButton, tab, leftButton, delete, shift, pgUp, bluetoothButton, altLeft, ctrl, ipET, pgDown, fragmentContainer, wifiButton, home, meta, connect, end, leftArrow, upArrow, insert, toggleKeyboardButton, touchpad, esc, downArrow, rightArrow, streamImage, detect, portET, contrListView, et]
14:13:21.266 [Worker-5] DEBUG o.a.p.ModelValidator:62 - Validating with ClickHandler: [public void connectClick() , public void onTouch() , public void detectClick() ]
14:13:21.268 [Worker-5] DEBUG o.a.p.ModelValidator:62 - Validating with AfterViewsHandler: [public void init() , public void init() , public void init() , public void init() , public void init() , public void init() , public void init() ]
14:13:21.289 [Worker-5] INFO  o.a.p.ModelProcessor:69 - Processing root elements
14:13:21.289 [Worker-5] DEBUG o.a.p.ModelProcessor:160 - Processing root elements EActivityHandler: [engineering_thesis_project.android.ui.activities.StartActivity, engineering_thesis_project.android.ui.activities.MainActivity]
14:13:21.307 [Worker-5] INFO  o.a.p.ModelProcessor:77 - Processing enclosed elements
14:13:21.308 [Worker-5] DEBUG o.a.p.ModelProcessor:89 - Processing enclosed elements with ViewByIdHandler: [org.androidannotations.model.AnnotationElements$AnnotatedAndRootElements@72b6cef6, org.androidannotations.model.AnnotationElements$AnnotatedAndRootElements@7650b1d1, org.androidannotations.model.AnnotationElements$AnnotatedAndRootElements@7da2b860, org.androidannotations.model.AnnotationElements$AnnotatedAndRootElements@4c09a54e, org.androidannotations.model.AnnotationElements$AnnotatedAndRootElements@3b96b591, org.androidannotations.model.AnnotationElements$AnnotatedAndRootElements@4f3d838, org.androidannotations.model.AnnotationElements$AnnotatedAndRootElements@2052ea99, org.androidannotations.model.AnnotationElements$AnnotatedAndRootElements@4da71337, org.androidannotations.model.AnnotationElements$AnnotatedAndRootElements@6fe372f2, org.androidannotations.model.AnnotationElements$AnnotatedAndRootElements@4048f50, org.androidannotations.model.AnnotationElements$AnnotatedAndRootElements@4146c391, org.androidannotations.model.AnnotationElements$AnnotatedAndRootElements@22fd1465, org.androidannotations.model.AnnotationElements$AnnotatedAndRootElements@689ee9c5, org.androidannotations.model.AnnotationElements$AnnotatedAndRootElements@2eae8c73, org.androidannotations.model.AnnotationElements$AnnotatedAndRootElements@79019361, org.androidannotations.model.AnnotationElements$AnnotatedAndRootElements@18ddbffd, org.androidannotations.model.AnnotationElements$AnnotatedAndRootElements@2551be73, org.androidannotations.model.AnnotationElements$AnnotatedAndRootElements@7a435ce0, org.androidannotations.model.AnnotationElements$AnnotatedAndRootElements@307ab4d9, org.androidannotations.model.AnnotationElements$AnnotatedAndRootElements@1138041c, org.androidannotations.model.AnnotationElements$AnnotatedAndRootElements@a2c9608, org.androidannotations.model.AnnotationElements$AnnotatedAndRootElements@3995037f, org.androidannotations.model.AnnotationElements$AnnotatedAndRootElements@6d16397a, org.androidannotations.model.AnnotationElements$AnnotatedAndRootElements@35465da9, org.androidannotations.model.AnnotationElements$AnnotatedAndRootElements@f18a36b, org.androidannotations.model.AnnotationElements$AnnotatedAndRootElements@52c9c7fd, org.androidannotations.model.AnnotationElements$AnnotatedAndRootElements@709dbaa8, org.androidannotations.model.AnnotationElements$AnnotatedAndRootElements@d52cc64, org.androidannotations.model.AnnotationElements$AnnotatedAndRootElements@32e08e18, org.androidannotations.model.AnnotationElements$AnnotatedAndRootElements@1a0c7ef4, org.androidannotations.model.AnnotationElements$AnnotatedAndRootElements@648bb9f1]
14:13:21.447 [Worker-5] ERROR o.a.AndroidAnnotationProcessor:268 - Something went wrong: Unexpected error in AndroidAnnotations 3.1!
You should check if there is already an issue about it on https://github.com/excilys/androidannotations/search?q=java.lang.NullPointerException&type=Issues
If none exists, please open a new one with the following content and tell us if you can reproduce it or not. Don't forget to give us as much information as you can (like parts of your code in failure).
Java version: javac 1.8.0_25
Javac processors options: phase=BUILD
Stacktrace: java.lang.NullPointerException
	at org.androidannotations.handler.ViewByIdHandler.process(ViewByIdHandler.java:74)
	at org.androidannotations.handler.ViewByIdHandler.process(ViewByIdHandler.java:36)
	at org.androidannotations.process.ModelProcessor.processThrowing(ModelProcessor.java:136)
	at org.androidannotations.process.ModelProcessor.process(ModelProcessor.java:120)
	at org.androidannotations.AndroidAnnotationProcessor.processAnnotations(AndroidAnnotationProcessor.java:243)
	at org.androidannotations.AndroidAnnotationProcessor.processThrowing(AndroidAnnotationProcessor.java:185)
	at org.androidannotations.AndroidAnnotationProcessor.process(AndroidAnnotationProcessor.java:113)
	at org.eclipse.jdt.internal.compiler.apt.dispatch.RoundDispatcher.handleProcessor(RoundDispatcher.java:139)
	at org.eclipse.jdt.internal.compiler.apt.dispatch.RoundDispatcher.round(RoundDispatcher.java:110)
	at org.eclipse.jdt.internal.compiler.apt.dispatch.BaseAnnotationProcessorManager.processAnnotations(BaseAnnotationProcessorManager.java:159)
	at org.eclipse.jdt.internal.apt.pluggable.core.dispatch.IdeAnnotationProcessorManager.processAnnotations(IdeAnnotationProcessorManager.java:134)
	at org.eclipse.jdt.internal.compiler.Compiler.processAnnotations(Compiler.java:820)
	at org.eclipse.jdt.internal.compiler.Compiler.compile(Compiler.java:434)
	at org.eclipse.jdt.internal.core.builder.AbstractImageBuilder.compile(AbstractImageBuilder.java:365)
	at org.eclipse.jdt.internal.core.builder.IncrementalImageBuilder.compile(IncrementalImageBuilder.java:329)
	at org.eclipse.jdt.internal.core.builder.AbstractImageBuilder.compile(AbstractImageBuilder.java:302)
	at org.eclipse.jdt.internal.core.builder.IncrementalImageBuilder.build(IncrementalImageBuilder.java:134)
	at org.eclipse.jdt.internal.core.builder.JavaBuilder.buildDeltas(JavaBuilder.java:265)
	at org.eclipse.jdt.internal.core.builder.JavaBuilder.build(JavaBuilder.java:193)
	at org.eclipse.core.internal.events.BuildManager$2.run(BuildManager.java:726)
	at org.eclipse.core.runtime.SafeRunner.run(SafeRunner.java:42)
	at org.eclipse.core.internal.events.BuildManager.basicBuild(BuildManager.java:199)
	at org.eclipse.core.internal.events.BuildManager.basicBuild(BuildManager.java:239)
	at org.eclipse.core.internal.events.BuildManager$1.run(BuildManager.java:292)
	at org.eclipse.core.runtime.SafeRunner.run(SafeRunner.java:42)
	at org.eclipse.core.internal.events.BuildManager.basicBuild(BuildManager.java:295)
	at org.eclipse.core.internal.events.BuildManager.basicBuildLoop(BuildManager.java:351)
	at org.eclipse.core.internal.events.BuildManager.build(BuildManager.java:374)
	at org.eclipse.core.internal.events.AutoBuildJob.doBuild(AutoBuildJob.java:143)
	at org.eclipse.core.internal.events.AutoBuildJob.run(AutoBuildJob.java:241)
	at org.eclipse.core.internal.jobs.Worker.run(Worker.java:53)
Thrown from: engineering_thesis_project.android.ui.fragments.KeyboardFragment
Element (VariableElementImpl): altRight


14:13:21.447 [Worker-5] INFO  o.a.p.TimeStats:81 - Time measurements: [Whole Processing = 229 ms], [Extract Annotations = 16 ms], [Validate Annotations = 13 ms], [Find R Classes = 11 ms], [Extract Manifest = 4 ms], 
14:13:21.448 [Worker-5] INFO  o.a.AndroidAnnotationProcessor:122 - Finish processing
